<?xml version="1.0" encoding="UTF-8"?>
<!-- Generated by org.testng.reporters.JUnitReportReporter -->
<testsuite hostname="LAPTOP-FAGHE0E7" failures="0" tests="3" name="gitex.TestFrames" time="5.247" errors="0" timestamp="2022-11-29T23:47:50 IST" skipped="0">
  <testcase classname="gitex.TestFrames" name="TestLaunchFrames" time="1.282"/>
  <system-out/>
  <testcase classname="gitex.TestFrames" name="TestFramesinPage" time="0.036"/>
  <system-out/>
  <testcase classname="gitex.TestFrames" name="TestFrameNavigation" time="3.929"/>
  <system-out/>
</testsuite> <!-- gitex.TestFrames -->
